{"C:\\Users\\ivant\\OneDrive\\Desktop\\webdev\\custom-lodash\\custom-lodash.js": {"path":"C:\\Users\\ivant\\OneDrive\\Desktop\\webdev\\custom-lodash\\custom-lodash.js","statementMap":{"0":{"start":{"line":2,"column":10},"end":{"line":178,"column":1}},"1":{"start":{"line":4,"column":16},"end":{"line":4,"column":18}},"2":{"start":{"line":5,"column":16},"end":{"line":5,"column":17}},"3":{"start":{"line":6,"column":4},"end":{"line":13,"column":5}},"4":{"start":{"line":6,"column":17},"end":{"line":6,"column":18}},"5":{"start":{"line":7,"column":6},"end":{"line":7,"column":18}},"6":{"start":{"line":8,"column":6},"end":{"line":12,"column":7}},"7":{"start":{"line":9,"column":8},"end":{"line":9,"column":43}},"8":{"start":{"line":10,"column":8},"end":{"line":10,"column":16}},"9":{"start":{"line":11,"column":8},"end":{"line":11,"column":49}},"10":{"start":{"line":11,"column":43},"end":{"line":11,"column":49}},"11":{"start":{"line":14,"column":4},"end":{"line":14,"column":15}},"12":{"start":{"line":17,"column":14},"end":{"line":17,"column":16}},"13":{"start":{"line":18,"column":4},"end":{"line":20,"column":5}},"14":{"start":{"line":18,"column":17},"end":{"line":18,"column":18}},"15":{"start":{"line":19,"column":6},"end":{"line":19,"column":45}},"16":{"start":{"line":19,"column":20},"end":{"line":19,"column":45}},"17":{"start":{"line":21,"column":4},"end":{"line":21,"column":15}},"18":{"start":{"line":24,"column":14},"end":{"line":24,"column":16}},"19":{"start":{"line":25,"column":4},"end":{"line":27,"column":5}},"20":{"start":{"line":25,"column":17},"end":{"line":25,"column":18}},"21":{"start":{"line":26,"column":6},"end":{"line":26,"column":53}},"22":{"start":{"line":26,"column":28},"end":{"line":26,"column":53}},"23":{"start":{"line":28,"column":4},"end":{"line":28,"column":15}},"24":{"start":{"line":31,"column":14},"end":{"line":31,"column":16}},"25":{"start":{"line":32,"column":4},"end":{"line":37,"column":5}},"26":{"start":{"line":33,"column":18},"end":{"line":33,"column":34}},"27":{"start":{"line":34,"column":6},"end":{"line":36,"column":7}},"28":{"start":{"line":35,"column":8},"end":{"line":35,"column":28}},"29":{"start":{"line":38,"column":4},"end":{"line":38,"column":15}},"30":{"start":{"line":41,"column":14},"end":{"line":41,"column":16}},"31":{"start":{"line":42,"column":4},"end":{"line":44,"column":5}},"32":{"start":{"line":42,"column":17},"end":{"line":42,"column":18}},"33":{"start":{"line":43,"column":6},"end":{"line":43,"column":31}},"34":{"start":{"line":45,"column":4},"end":{"line":45,"column":15}},"35":{"start":{"line":48,"column":14},"end":{"line":48,"column":16}},"36":{"start":{"line":49,"column":4},"end":{"line":54,"column":5}},"37":{"start":{"line":50,"column":18},"end":{"line":50,"column":34}},"38":{"start":{"line":51,"column":6},"end":{"line":53,"column":7}},"39":{"start":{"line":52,"column":8},"end":{"line":52,"column":28}},"40":{"start":{"line":55,"column":4},"end":{"line":55,"column":15}},"41":{"start":{"line":59,"column":13},"end":{"line":59,"column":17}},"42":{"start":{"line":60,"column":18},"end":{"line":60,"column":19}},"43":{"start":{"line":61,"column":4},"end":{"line":71,"column":5}},"44":{"start":{"line":62,"column":6},"end":{"line":70,"column":7}},"45":{"start":{"line":63,"column":8},"end":{"line":63,"column":18}},"46":{"start":{"line":65,"column":20},"end":{"line":65,"column":36}},"47":{"start":{"line":66,"column":8},"end":{"line":69,"column":9}},"48":{"start":{"line":67,"column":10},"end":{"line":67,"column":19}},"49":{"start":{"line":68,"column":10},"end":{"line":68,"column":16}},"50":{"start":{"line":72,"column":4},"end":{"line":72,"column":14}},"51":{"start":{"line":75,"column":19},"end":{"line":75,"column":24}},"52":{"start":{"line":76,"column":18},"end":{"line":76,"column":19}},"53":{"start":{"line":77,"column":4},"end":{"line":94,"column":5}},"54":{"start":{"line":78,"column":6},"end":{"line":92,"column":7}},"55":{"start":{"line":79,"column":8},"end":{"line":79,"column":18}},"56":{"start":{"line":81,"column":8},"end":{"line":91,"column":9}},"57":{"start":{"line":82,"column":10},"end":{"line":82,"column":58}},"58":{"start":{"line":82,"column":42},"end":{"line":82,"column":58}},"59":{"start":{"line":84,"column":10},"end":{"line":90,"column":11}},"60":{"start":{"line":84,"column":23},"end":{"line":84,"column":24}},"61":{"start":{"line":85,"column":25},"end":{"line":85,"column":27}},"62":{"start":{"line":86,"column":12},"end":{"line":88,"column":13}},"63":{"start":{"line":86,"column":25},"end":{"line":86,"column":26}},"64":{"start":{"line":87,"column":14},"end":{"line":87,"column":49}},"65":{"start":{"line":89,"column":12},"end":{"line":89,"column":50}},"66":{"start":{"line":89,"column":34},"end":{"line":89,"column":50}},"67":{"start":{"line":93,"column":6},"end":{"line":93,"column":22}},"68":{"start":{"line":97,"column":14},"end":{"line":97,"column":16}},"69":{"start":{"line":98,"column":4},"end":{"line":108,"column":5}},"70":{"start":{"line":99,"column":6},"end":{"line":101,"column":7}},"71":{"start":{"line":100,"column":8},"end":{"line":100,"column":43}},"72":{"start":{"line":103,"column":6},"end":{"line":107,"column":7}},"73":{"start":{"line":104,"column":8},"end":{"line":106,"column":9}},"74":{"start":{"line":105,"column":10},"end":{"line":105,"column":64}},"75":{"start":{"line":105,"column":33},"end":{"line":105,"column":64}},"76":{"start":{"line":109,"column":4},"end":{"line":109,"column":15}},"77":{"start":{"line":112,"column":14},"end":{"line":112,"column":16}},"78":{"start":{"line":113,"column":4},"end":{"line":119,"column":5}},"79":{"start":{"line":113,"column":17},"end":{"line":113,"column":18}},"80":{"start":{"line":114,"column":21},"end":{"line":114,"column":23}},"81":{"start":{"line":115,"column":6},"end":{"line":117,"column":7}},"82":{"start":{"line":116,"column":8},"end":{"line":116,"column":73}},"83":{"start":{"line":116,"column":34},"end":{"line":116,"column":73}},"84":{"start":{"line":118,"column":6},"end":{"line":118,"column":56}},"85":{"start":{"line":118,"column":31},"end":{"line":118,"column":56}},"86":{"start":{"line":120,"column":4},"end":{"line":120,"column":15}},"87":{"start":{"line":124,"column":14},"end":{"line":124,"column":16}},"88":{"start":{"line":126,"column":4},"end":{"line":132,"column":5}},"89":{"start":{"line":127,"column":6},"end":{"line":131,"column":7}},"90":{"start":{"line":128,"column":8},"end":{"line":128,"column":48}},"91":{"start":{"line":130,"column":8},"end":{"line":130,"column":37}},"92":{"start":{"line":133,"column":4},"end":{"line":133,"column":23}},"93":{"start":{"line":136,"column":19},"end":{"line":136,"column":21}},"94":{"start":{"line":137,"column":4},"end":{"line":145,"column":5}},"95":{"start":{"line":138,"column":19},"end":{"line":138,"column":24}},"96":{"start":{"line":139,"column":6},"end":{"line":143,"column":7}},"97":{"start":{"line":140,"column":8},"end":{"line":142,"column":9}},"98":{"start":{"line":141,"column":10},"end":{"line":141,"column":24}},"99":{"start":{"line":144,"column":6},"end":{"line":144,"column":45}},"100":{"start":{"line":144,"column":19},"end":{"line":144,"column":45}},"101":{"start":{"line":146,"column":4},"end":{"line":146,"column":18}},"102":{"start":{"line":149,"column":19},"end":{"line":149,"column":21}},"103":{"start":{"line":150,"column":4},"end":{"line":154,"column":5}},"104":{"start":{"line":151,"column":6},"end":{"line":153,"column":7}},"105":{"start":{"line":152,"column":8},"end":{"line":152,"column":34}},"106":{"start":{"line":155,"column":4},"end":{"line":155,"column":18}},"107":{"start":{"line":158,"column":19},"end":{"line":158,"column":21}},"108":{"start":{"line":159,"column":4},"end":{"line":161,"column":5}},"109":{"start":{"line":160,"column":6},"end":{"line":160,"column":72}},"110":{"start":{"line":160,"column":46},"end":{"line":160,"column":72}},"111":{"start":{"line":162,"column":4},"end":{"line":162,"column":18}},"112":{"start":{"line":165,"column":19},"end":{"line":165,"column":21}},"113":{"start":{"line":166,"column":4},"end":{"line":168,"column":5}},"114":{"start":{"line":167,"column":6},"end":{"line":167,"column":53}},"115":{"start":{"line":167,"column":27},"end":{"line":167,"column":53}},"116":{"start":{"line":169,"column":4},"end":{"line":169,"column":18}},"117":{"start":{"line":172,"column":14},"end":{"line":172,"column":16}},"118":{"start":{"line":173,"column":4},"end":{"line":175,"column":5}},"119":{"start":{"line":174,"column":6},"end":{"line":174,"column":41}},"120":{"start":{"line":176,"column":4},"end":{"line":176,"column":15}},"121":{"start":{"line":180,"column":0},"end":{"line":180,"column":19}}},"fnMap":{"0":{"name":"(anonymous_0)","decl":{"start":{"line":3,"column":2},"end":{"line":3,"column":3}},"loc":{"start":{"line":3,"column":28},"end":{"line":15,"column":3}},"line":3},"1":{"name":"(anonymous_1)","decl":{"start":{"line":16,"column":2},"end":{"line":16,"column":3}},"loc":{"start":{"line":16,"column":17},"end":{"line":22,"column":3}},"line":16},"2":{"name":"(anonymous_2)","decl":{"start":{"line":23,"column":2},"end":{"line":23,"column":3}},"loc":{"start":{"line":23,"column":31},"end":{"line":29,"column":3}},"line":23},"3":{"name":"(anonymous_3)","decl":{"start":{"line":30,"column":2},"end":{"line":30,"column":3}},"loc":{"start":{"line":30,"column":28},"end":{"line":39,"column":3}},"line":30},"4":{"name":"(anonymous_4)","decl":{"start":{"line":40,"column":2},"end":{"line":40,"column":3}},"loc":{"start":{"line":40,"column":21},"end":{"line":46,"column":3}},"line":40},"5":{"name":"(anonymous_5)","decl":{"start":{"line":47,"column":2},"end":{"line":47,"column":3}},"loc":{"start":{"line":47,"column":25},"end":{"line":56,"column":3}},"line":47},"6":{"name":"(anonymous_6)","decl":{"start":{"line":58,"column":2},"end":{"line":58,"column":3}},"loc":{"start":{"line":58,"column":34},"end":{"line":73,"column":3}},"line":58},"7":{"name":"(anonymous_7)","decl":{"start":{"line":74,"column":2},"end":{"line":74,"column":3}},"loc":{"start":{"line":74,"column":37},"end":{"line":95,"column":3}},"line":74},"8":{"name":"(anonymous_8)","decl":{"start":{"line":96,"column":2},"end":{"line":96,"column":3}},"loc":{"start":{"line":96,"column":21},"end":{"line":110,"column":3}},"line":96},"9":{"name":"(anonymous_9)","decl":{"start":{"line":111,"column":2},"end":{"line":111,"column":3}},"loc":{"start":{"line":111,"column":17},"end":{"line":121,"column":3}},"line":111},"10":{"name":"(anonymous_10)","decl":{"start":{"line":123,"column":2},"end":{"line":123,"column":3}},"loc":{"start":{"line":123,"column":25},"end":{"line":134,"column":3}},"line":123},"11":{"name":"(anonymous_11)","decl":{"start":{"line":135,"column":2},"end":{"line":135,"column":3}},"loc":{"start":{"line":135,"column":23},"end":{"line":147,"column":3}},"line":135},"12":{"name":"(anonymous_12)","decl":{"start":{"line":148,"column":2},"end":{"line":148,"column":3}},"loc":{"start":{"line":148,"column":21},"end":{"line":156,"column":3}},"line":148},"13":{"name":"(anonymous_13)","decl":{"start":{"line":157,"column":2},"end":{"line":157,"column":3}},"loc":{"start":{"line":157,"column":22},"end":{"line":163,"column":3}},"line":157},"14":{"name":"(anonymous_14)","decl":{"start":{"line":164,"column":2},"end":{"line":164,"column":3}},"loc":{"start":{"line":164,"column":21},"end":{"line":170,"column":3}},"line":164},"15":{"name":"(anonymous_15)","decl":{"start":{"line":171,"column":2},"end":{"line":171,"column":3}},"loc":{"start":{"line":171,"column":18},"end":{"line":177,"column":3}},"line":171}},"branchMap":{"0":{"loc":{"start":{"line":11,"column":8},"end":{"line":11,"column":49}},"type":"if","locations":[{"start":{"line":11,"column":8},"end":{"line":11,"column":49}},{"start":{},"end":{}}],"line":11},"1":{"loc":{"start":{"line":19,"column":6},"end":{"line":19,"column":45}},"type":"if","locations":[{"start":{"line":19,"column":6},"end":{"line":19,"column":45}},{"start":{},"end":{}}],"line":19},"2":{"loc":{"start":{"line":23,"column":14},"end":{"line":23,"column":29}},"type":"default-arg","locations":[{"start":{"line":23,"column":28},"end":{"line":23,"column":29}}],"line":23},"3":{"loc":{"start":{"line":26,"column":6},"end":{"line":26,"column":53}},"type":"if","locations":[{"start":{"line":26,"column":6},"end":{"line":26,"column":53}},{"start":{},"end":{}}],"line":26},"4":{"loc":{"start":{"line":34,"column":6},"end":{"line":36,"column":7}},"type":"if","locations":[{"start":{"line":34,"column":6},"end":{"line":36,"column":7}},{"start":{},"end":{}}],"line":34},"5":{"loc":{"start":{"line":40,"column":14},"end":{"line":40,"column":19}},"type":"default-arg","locations":[{"start":{"line":40,"column":18},"end":{"line":40,"column":19}}],"line":40},"6":{"loc":{"start":{"line":51,"column":6},"end":{"line":53,"column":7}},"type":"if","locations":[{"start":{"line":51,"column":6},"end":{"line":53,"column":7}},{"start":{},"end":{}}],"line":51},"7":{"loc":{"start":{"line":58,"column":23},"end":{"line":58,"column":32}},"type":"default-arg","locations":[{"start":{"line":58,"column":31},"end":{"line":58,"column":32}}],"line":58},"8":{"loc":{"start":{"line":62,"column":6},"end":{"line":70,"column":7}},"type":"if","locations":[{"start":{"line":62,"column":6},"end":{"line":70,"column":7}},{"start":{"line":64,"column":13},"end":{"line":70,"column":7}}],"line":62},"9":{"loc":{"start":{"line":66,"column":8},"end":{"line":69,"column":9}},"type":"if","locations":[{"start":{"line":66,"column":8},"end":{"line":69,"column":9}},{"start":{},"end":{}}],"line":66},"10":{"loc":{"start":{"line":78,"column":6},"end":{"line":92,"column":7}},"type":"if","locations":[{"start":{"line":78,"column":6},"end":{"line":92,"column":7}},{"start":{"line":80,"column":13},"end":{"line":92,"column":7}}],"line":78},"11":{"loc":{"start":{"line":81,"column":8},"end":{"line":91,"column":9}},"type":"if","locations":[{"start":{"line":81,"column":8},"end":{"line":91,"column":9}},{"start":{"line":83,"column":15},"end":{"line":91,"column":9}}],"line":81},"12":{"loc":{"start":{"line":82,"column":10},"end":{"line":82,"column":58}},"type":"if","locations":[{"start":{"line":82,"column":10},"end":{"line":82,"column":58}},{"start":{},"end":{}}],"line":82},"13":{"loc":{"start":{"line":89,"column":12},"end":{"line":89,"column":50}},"type":"if","locations":[{"start":{"line":89,"column":12},"end":{"line":89,"column":50}},{"start":{},"end":{}}],"line":89},"14":{"loc":{"start":{"line":98,"column":4},"end":{"line":108,"column":5}},"type":"if","locations":[{"start":{"line":98,"column":4},"end":{"line":108,"column":5}},{"start":{"line":102,"column":11},"end":{"line":108,"column":5}}],"line":98},"15":{"loc":{"start":{"line":105,"column":10},"end":{"line":105,"column":64}},"type":"if","locations":[{"start":{"line":105,"column":10},"end":{"line":105,"column":64}},{"start":{},"end":{}}],"line":105},"16":{"loc":{"start":{"line":116,"column":8},"end":{"line":116,"column":73}},"type":"if","locations":[{"start":{"line":116,"column":8},"end":{"line":116,"column":73}},{"start":{},"end":{}}],"line":116},"17":{"loc":{"start":{"line":118,"column":6},"end":{"line":118,"column":56}},"type":"if","locations":[{"start":{"line":118,"column":6},"end":{"line":118,"column":56}},{"start":{},"end":{}}],"line":118},"18":{"loc":{"start":{"line":127,"column":6},"end":{"line":131,"column":7}},"type":"if","locations":[{"start":{"line":127,"column":6},"end":{"line":131,"column":7}},{"start":{"line":129,"column":13},"end":{"line":131,"column":7}}],"line":127},"19":{"loc":{"start":{"line":140,"column":8},"end":{"line":142,"column":9}},"type":"if","locations":[{"start":{"line":140,"column":8},"end":{"line":142,"column":9}},{"start":{},"end":{}}],"line":140},"20":{"loc":{"start":{"line":144,"column":6},"end":{"line":144,"column":45}},"type":"if","locations":[{"start":{"line":144,"column":6},"end":{"line":144,"column":45}},{"start":{},"end":{}}],"line":144},"21":{"loc":{"start":{"line":151,"column":6},"end":{"line":153,"column":7}},"type":"if","locations":[{"start":{"line":151,"column":6},"end":{"line":153,"column":7}},{"start":{},"end":{}}],"line":151},"22":{"loc":{"start":{"line":160,"column":6},"end":{"line":160,"column":72}},"type":"if","locations":[{"start":{"line":160,"column":6},"end":{"line":160,"column":72}},{"start":{},"end":{}}],"line":160},"23":{"loc":{"start":{"line":167,"column":6},"end":{"line":167,"column":53}},"type":"if","locations":[{"start":{"line":167,"column":6},"end":{"line":167,"column":53}},{"start":{},"end":{}}],"line":167}},"s":{"0":1,"1":4,"2":4,"3":4,"4":4,"5":8,"6":8,"7":20,"8":20,"9":20,"10":8,"11":4,"12":1,"13":1,"14":1,"15":6,"16":3,"17":1,"18":4,"19":4,"20":4,"21":12,"22":6,"23":4,"24":4,"25":4,"26":12,"27":12,"28":4,"29":4,"30":4,"31":4,"32":4,"33":8,"34":4,"35":6,"36":6,"37":24,"38":24,"39":9,"40":6,"41":5,"42":5,"43":5,"44":10,"45":2,"46":8,"47":8,"48":5,"49":5,"50":5,"51":4,"52":4,"53":4,"54":4,"55":1,"56":3,"57":2,"58":2,"59":1,"60":1,"61":4,"62":4,"63":4,"64":8,"65":4,"66":1,"67":4,"68":3,"69":3,"70":2,"71":4,"72":1,"73":2,"74":2,"75":2,"76":3,"77":2,"78":2,"79":2,"80":6,"81":6,"82":18,"83":11,"84":6,"85":4,"86":2,"87":9,"88":9,"89":12,"90":6,"91":6,"92":9,"93":2,"94":2,"95":7,"96":7,"97":14,"98":4,"99":7,"100":3,"101":2,"102":1,"103":1,"104":3,"105":1,"106":1,"107":1,"108":1,"109":2,"110":2,"111":1,"112":1,"113":1,"114":3,"115":2,"116":1,"117":1,"118":1,"119":3,"120":1,"121":1},"f":{"0":4,"1":1,"2":4,"3":4,"4":4,"5":6,"6":5,"7":4,"8":3,"9":2,"10":9,"11":2,"12":1,"13":1,"14":1,"15":1},"b":{"0":[8,12],"1":[3,3],"2":[1],"3":[6,6],"4":[4,8],"5":[1],"6":[9,15],"7":[4],"8":[2,8],"9":[5,3],"10":[1,3],"11":[2,1],"12":[2,0],"13":[1,3],"14":[2,1],"15":[2,0],"16":[11,7],"17":[4,2],"18":[6,6],"19":[4,10],"20":[3,4],"21":[1,2],"22":[2,0],"23":[2,1]},"_coverageSchema":"1a1c01bbd47fc00a2c39e90264f33305004495a9","hash":"70c1a671e94693eb5ca0dc85e6249346a9d53054"}
,"C:\\Users\\ivant\\OneDrive\\Desktop\\webdev\\custom-lodash\\utils.js": {"path":"C:\\Users\\ivant\\OneDrive\\Desktop\\webdev\\custom-lodash\\utils.js","statementMap":{"0":{"start":{"line":1,"column":24},"end":{"line":9,"column":1}},"1":{"start":{"line":2,"column":2},"end":{"line":8,"column":4}},"2":{"start":{"line":3,"column":21},"end":{"line":3,"column":26}},"3":{"start":{"line":4,"column":4},"end":{"line":6,"column":5}},"4":{"start":{"line":5,"column":6},"end":{"line":5,"column":24}},"5":{"start":{"line":7,"column":4},"end":{"line":7,"column":22}},"6":{"start":{"line":11,"column":16},"end":{"line":25,"column":1}},"7":{"start":{"line":12,"column":2},"end":{"line":24,"column":4}},"8":{"start":{"line":13,"column":21},"end":{"line":13,"column":26}},"9":{"start":{"line":14,"column":4},"end":{"line":21,"column":5}},"10":{"start":{"line":15,"column":6},"end":{"line":20,"column":7}},"11":{"start":{"line":16,"column":8},"end":{"line":16,"column":26}},"12":{"start":{"line":18,"column":8},"end":{"line":18,"column":27}},"13":{"start":{"line":19,"column":8},"end":{"line":19,"column":14}},"14":{"start":{"line":23,"column":4},"end":{"line":23,"column":22}},"15":{"start":{"line":27,"column":17},"end":{"line":35,"column":1}},"16":{"start":{"line":28,"column":2},"end":{"line":34,"column":4}},"17":{"start":{"line":29,"column":21},"end":{"line":29,"column":26}},"18":{"start":{"line":30,"column":4},"end":{"line":32,"column":5}},"19":{"start":{"line":31,"column":6},"end":{"line":31,"column":24}},"20":{"start":{"line":33,"column":4},"end":{"line":33,"column":22}},"21":{"start":{"line":37,"column":0},"end":{"line":37,"column":26}},"22":{"start":{"line":38,"column":0},"end":{"line":38,"column":42}},"23":{"start":{"line":39,"column":0},"end":{"line":39,"column":28}}},"fnMap":{"0":{"name":"(anonymous_0)","decl":{"start":{"line":1,"column":24},"end":{"line":1,"column":25}},"loc":{"start":{"line":1,"column":44},"end":{"line":9,"column":1}},"line":1},"1":{"name":"(anonymous_1)","decl":{"start":{"line":2,"column":9},"end":{"line":2,"column":10}},"loc":{"start":{"line":2,"column":18},"end":{"line":8,"column":3}},"line":2},"2":{"name":"(anonymous_2)","decl":{"start":{"line":11,"column":16},"end":{"line":11,"column":17}},"loc":{"start":{"line":11,"column":28},"end":{"line":25,"column":1}},"line":11},"3":{"name":"(anonymous_3)","decl":{"start":{"line":12,"column":9},"end":{"line":12,"column":10}},"loc":{"start":{"line":12,"column":18},"end":{"line":24,"column":3}},"line":12},"4":{"name":"(anonymous_4)","decl":{"start":{"line":27,"column":17},"end":{"line":27,"column":18}},"loc":{"start":{"line":27,"column":27},"end":{"line":35,"column":1}},"line":27},"5":{"name":"(anonymous_5)","decl":{"start":{"line":28,"column":9},"end":{"line":28,"column":10}},"loc":{"start":{"line":28,"column":18},"end":{"line":34,"column":3}},"line":28}},"branchMap":{"0":{"loc":{"start":{"line":4,"column":4},"end":{"line":6,"column":5}},"type":"if","locations":[{"start":{"line":4,"column":4},"end":{"line":6,"column":5}},{"start":{},"end":{}}],"line":4},"1":{"loc":{"start":{"line":15,"column":6},"end":{"line":20,"column":7}},"type":"if","locations":[{"start":{"line":15,"column":6},"end":{"line":20,"column":7}},{"start":{"line":17,"column":13},"end":{"line":20,"column":7}}],"line":15},"2":{"loc":{"start":{"line":15,"column":10},"end":{"line":15,"column":71}},"type":"binary-expr","locations":[{"start":{"line":15,"column":10},"end":{"line":15,"column":42}},{"start":{"line":15,"column":46},"end":{"line":15,"column":71}}],"line":15},"3":{"loc":{"start":{"line":30,"column":4},"end":{"line":32,"column":5}},"type":"if","locations":[{"start":{"line":30,"column":4},"end":{"line":32,"column":5}},{"start":{},"end":{}}],"line":30},"4":{"loc":{"start":{"line":30,"column":8},"end":{"line":30,"column":40}},"type":"binary-expr","locations":[{"start":{"line":30,"column":8},"end":{"line":30,"column":17}},{"start":{"line":30,"column":21},"end":{"line":30,"column":40}}],"line":30}},"s":{"0":1,"1":3,"2":8,"3":8,"4":4,"5":8,"6":1,"7":3,"8":9,"9":9,"10":12,"11":6,"12":6,"13":6,"14":9,"15":1,"16":3,"17":7,"18":7,"19":7,"20":7,"21":1,"22":1,"23":1},"f":{"0":3,"1":8,"2":3,"3":9,"4":3,"5":7},"b":{"0":[4,4],"1":[6,6],"2":[12,12],"3":[7,0],"4":[7,3]},"_coverageSchema":"1a1c01bbd47fc00a2c39e90264f33305004495a9","hash":"cbf6007f1bccd39ddfc69d0f5151104f0fd20c84"}
,"C:\\Users\\ivant\\OneDrive\\Desktop\\webdev\\custom-lodash\\vars.js": {"path":"C:\\Users\\ivant\\OneDrive\\Desktop\\webdev\\custom-lodash\\vars.js","statementMap":{"0":{"start":{"line":1,"column":16},"end":{"line":1,"column":36}},"1":{"start":{"line":3,"column":18},"end":{"line":3,"column":41}},"2":{"start":{"line":5,"column":15},"end":{"line":5,"column":24}},"3":{"start":{"line":7,"column":20},"end":{"line":11,"column":1}},"4":{"start":{"line":13,"column":20},"end":{"line":13,"column":29}},"5":{"start":{"line":15,"column":17},"end":{"line":19,"column":1}},"6":{"start":{"line":21,"column":17},"end":{"line":21,"column":35}},"7":{"start":{"line":23,"column":15},"end":{"line":27,"column":1}},"8":{"start":{"line":30,"column":2},"end":{"line":30,"column":15}},"9":{"start":{"line":33,"column":14},"end":{"line":33,"column":52}},"10":{"start":{"line":35,"column":16},"end":{"line":37,"column":1}},"11":{"start":{"line":38,"column":16},"end":{"line":40,"column":1}},"12":{"start":{"line":42,"column":16},"end":{"line":44,"column":1}},"13":{"start":{"line":45,"column":16},"end":{"line":47,"column":1}},"14":{"start":{"line":49,"column":16},"end":{"line":51,"column":1}},"15":{"start":{"line":52,"column":16},"end":{"line":54,"column":1}},"16":{"start":{"line":56,"column":17},"end":{"line":56,"column":45}},"17":{"start":{"line":56,"column":24},"end":{"line":56,"column":45}},"18":{"start":{"line":58,"column":15},"end":{"line":58,"column":37}},"19":{"start":{"line":59,"column":15},"end":{"line":59,"column":43}},"20":{"start":{"line":60,"column":15},"end":{"line":60,"column":37}},"21":{"start":{"line":61,"column":17},"end":{"line":61,"column":39}},"22":{"start":{"line":62,"column":18},"end":{"line":62,"column":40}},"23":{"start":{"line":64,"column":0},"end":{"line":64,"column":26}},"24":{"start":{"line":65,"column":0},"end":{"line":65,"column":30}},"25":{"start":{"line":66,"column":0},"end":{"line":66,"column":24}},"26":{"start":{"line":67,"column":0},"end":{"line":67,"column":34}},"27":{"start":{"line":68,"column":0},"end":{"line":68,"column":34}},"28":{"start":{"line":69,"column":0},"end":{"line":69,"column":28}},"29":{"start":{"line":70,"column":0},"end":{"line":70,"column":28}},"30":{"start":{"line":71,"column":0},"end":{"line":71,"column":24}},"31":{"start":{"line":72,"column":0},"end":{"line":72,"column":32}},"32":{"start":{"line":73,"column":0},"end":{"line":73,"column":28}},"33":{"start":{"line":74,"column":0},"end":{"line":74,"column":22}},"34":{"start":{"line":75,"column":0},"end":{"line":75,"column":26}},"35":{"start":{"line":76,"column":0},"end":{"line":76,"column":26}},"36":{"start":{"line":77,"column":0},"end":{"line":77,"column":26}},"37":{"start":{"line":78,"column":0},"end":{"line":78,"column":26}},"38":{"start":{"line":79,"column":0},"end":{"line":79,"column":26}},"39":{"start":{"line":80,"column":0},"end":{"line":80,"column":26}},"40":{"start":{"line":81,"column":0},"end":{"line":81,"column":24}},"41":{"start":{"line":82,"column":0},"end":{"line":82,"column":24}},"42":{"start":{"line":83,"column":0},"end":{"line":83,"column":24}},"43":{"start":{"line":84,"column":0},"end":{"line":84,"column":28}},"44":{"start":{"line":85,"column":0},"end":{"line":85,"column":30}}},"fnMap":{"0":{"name":"map_square","decl":{"start":{"line":29,"column":9},"end":{"line":29,"column":19}},"loc":{"start":{"line":29,"column":23},"end":{"line":31,"column":1}},"line":29},"1":{"name":"(anonymous_1)","decl":{"start":{"line":56,"column":17},"end":{"line":56,"column":18}},"loc":{"start":{"line":56,"column":24},"end":{"line":56,"column":45}},"line":56}},"branchMap":{},"s":{"0":1,"1":1,"2":1,"3":1,"4":1,"5":1,"6":1,"7":1,"8":4,"9":1,"10":1,"11":1,"12":1,"13":1,"14":1,"15":1,"16":1,"17":6,"18":1,"19":1,"20":1,"21":1,"22":1,"23":1,"24":1,"25":1,"26":1,"27":1,"28":1,"29":1,"30":1,"31":1,"32":1,"33":1,"34":1,"35":1,"36":1,"37":1,"38":1,"39":1,"40":1,"41":1,"42":1,"43":1,"44":1},"f":{"0":4,"1":6},"b":{},"_coverageSchema":"1a1c01bbd47fc00a2c39e90264f33305004495a9","hash":"a99728cfae97a795eb92d1c46bf3be5850fbc0bd"}
}
