TN:
SF:custom-lodash.js
FN:3,(anonymous_0)
FN:16,(anonymous_1)
FN:23,(anonymous_2)
FN:30,(anonymous_3)
FN:40,(anonymous_4)
FN:47,(anonymous_5)
FN:58,(anonymous_6)
FN:74,(anonymous_7)
FN:96,(anonymous_8)
FN:111,(anonymous_9)
FN:123,(anonymous_10)
FN:135,(anonymous_11)
FN:148,(anonymous_12)
FN:157,(anonymous_13)
FN:164,(anonymous_14)
FN:171,(anonymous_15)
FNF:16
FNH:16
FNDA:4,(anonymous_0)
FNDA:1,(anonymous_1)
FNDA:4,(anonymous_2)
FNDA:4,(anonymous_3)
FNDA:4,(anonymous_4)
FNDA:6,(anonymous_5)
FNDA:5,(anonymous_6)
FNDA:4,(anonymous_7)
FNDA:3,(anonymous_8)
FNDA:2,(anonymous_9)
FNDA:9,(anonymous_10)
FNDA:2,(anonymous_11)
FNDA:1,(anonymous_12)
FNDA:1,(anonymous_13)
FNDA:1,(anonymous_14)
FNDA:1,(anonymous_15)
DA:2,1
DA:4,4
DA:5,4
DA:6,4
DA:7,8
DA:8,8
DA:9,20
DA:10,20
DA:11,20
DA:14,4
DA:17,1
DA:18,1
DA:19,6
DA:21,1
DA:24,4
DA:25,4
DA:26,12
DA:28,4
DA:31,4
DA:32,4
DA:33,12
DA:34,12
DA:35,4
DA:38,4
DA:41,4
DA:42,4
DA:43,8
DA:45,4
DA:48,6
DA:49,6
DA:50,24
DA:51,24
DA:52,9
DA:55,6
DA:59,5
DA:60,5
DA:61,5
DA:62,10
DA:63,2
DA:65,8
DA:66,8
DA:67,5
DA:68,5
DA:72,5
DA:75,4
DA:76,4
DA:77,4
DA:78,4
DA:79,1
DA:81,3
DA:82,2
DA:84,1
DA:85,4
DA:86,4
DA:87,8
DA:89,4
DA:93,4
DA:97,3
DA:98,3
DA:99,2
DA:100,4
DA:103,1
DA:104,2
DA:105,2
DA:109,3
DA:112,2
DA:113,2
DA:114,6
DA:115,6
DA:116,18
DA:118,6
DA:120,2
DA:124,9
DA:126,9
DA:127,12
DA:128,6
DA:130,6
DA:133,9
DA:136,2
DA:137,2
DA:138,7
DA:139,7
DA:140,14
DA:141,4
DA:144,7
DA:146,2
DA:149,1
DA:150,1
DA:151,3
DA:152,1
DA:155,1
DA:158,1
DA:159,1
DA:160,2
DA:162,1
DA:165,1
DA:166,1
DA:167,3
DA:169,1
DA:172,1
DA:173,1
DA:174,3
DA:176,1
DA:180,1
LF:104
LH:104
BRDA:11,0,0,8
BRDA:11,0,1,12
BRDA:19,1,0,3
BRDA:19,1,1,3
BRDA:23,2,0,1
BRDA:26,3,0,6
BRDA:26,3,1,6
BRDA:34,4,0,4
BRDA:34,4,1,8
BRDA:40,5,0,1
BRDA:51,6,0,9
BRDA:51,6,1,15
BRDA:58,7,0,4
BRDA:62,8,0,2
BRDA:62,8,1,8
BRDA:66,9,0,5
BRDA:66,9,1,3
BRDA:78,10,0,1
BRDA:78,10,1,3
BRDA:81,11,0,2
BRDA:81,11,1,1
BRDA:82,12,0,2
BRDA:82,12,1,0
BRDA:89,13,0,1
BRDA:89,13,1,3
BRDA:98,14,0,2
BRDA:98,14,1,1
BRDA:105,15,0,2
BRDA:105,15,1,0
BRDA:116,16,0,11
BRDA:116,16,1,7
BRDA:118,17,0,4
BRDA:118,17,1,2
BRDA:127,18,0,6
BRDA:127,18,1,6
BRDA:140,19,0,4
BRDA:140,19,1,10
BRDA:144,20,0,3
BRDA:144,20,1,4
BRDA:151,21,0,1
BRDA:151,21,1,2
BRDA:160,22,0,2
BRDA:160,22,1,0
BRDA:167,23,0,2
BRDA:167,23,1,1
BRF:45
BRH:42
end_of_record
TN:
SF:utils.js
FN:1,(anonymous_0)
FN:2,(anonymous_1)
FN:11,(anonymous_2)
FN:12,(anonymous_3)
FN:27,(anonymous_4)
FN:28,(anonymous_5)
FNF:6
FNH:6
FNDA:3,(anonymous_0)
FNDA:8,(anonymous_1)
FNDA:3,(anonymous_2)
FNDA:9,(anonymous_3)
FNDA:3,(anonymous_4)
FNDA:7,(anonymous_5)
DA:1,1
DA:2,3
DA:3,8
DA:4,8
DA:5,4
DA:7,8
DA:11,1
DA:12,3
DA:13,9
DA:14,9
DA:15,12
DA:16,6
DA:18,6
DA:19,6
DA:23,9
DA:27,1
DA:28,3
DA:29,7
DA:30,7
DA:31,7
DA:33,7
DA:37,1
DA:38,1
DA:39,1
LF:24
LH:24
BRDA:4,0,0,4
BRDA:4,0,1,4
BRDA:15,1,0,6
BRDA:15,1,1,6
BRDA:15,2,0,12
BRDA:15,2,1,12
BRDA:30,3,0,7
BRDA:30,3,1,0
BRDA:30,4,0,7
BRDA:30,4,1,3
BRF:10
BRH:9
end_of_record
TN:
SF:vars.js
FN:29,map_square
FN:56,(anonymous_1)
FNF:2
FNH:2
FNDA:4,map_square
FNDA:6,(anonymous_1)
DA:1,1
DA:3,1
DA:5,1
DA:7,1
DA:13,1
DA:15,1
DA:21,1
DA:23,1
DA:30,4
DA:33,1
DA:35,1
DA:38,1
DA:42,1
DA:45,1
DA:49,1
DA:52,1
DA:56,6
DA:58,1
DA:59,1
DA:60,1
DA:61,1
DA:62,1
DA:64,1
DA:65,1
DA:66,1
DA:67,1
DA:68,1
DA:69,1
DA:70,1
DA:71,1
DA:72,1
DA:73,1
DA:74,1
DA:75,1
DA:76,1
DA:77,1
DA:78,1
DA:79,1
DA:80,1
DA:81,1
DA:82,1
DA:83,1
DA:84,1
DA:85,1
LF:44
LH:44
BRF:0
BRH:0
end_of_record
